org.eclipse.m2e.logback.configuration: The org.eclipse.m2e.logback.configuration bundle was activated before the state location was initialized.  Will retry after the state location is initialized.
org.eclipse.m2e.logback.configuration: Logback config file: /opt/workspaceSpring/.metadata/.plugins/org.eclipse.m2e.logback.configuration/logback.1.8.2.20171007-0217.xml
org.eclipse.m2e.logback.configuration: Initializing logback
19:03:32,169 |-INFO in ch.qos.logback.classic.LoggerContext[default] - Could NOT find resource [logback.groovy]
19:03:32,170 |-INFO in ch.qos.logback.classic.LoggerContext[default] - Could NOT find resource [logback-test.xml]
19:03:32,170 |-INFO in ch.qos.logback.classic.LoggerContext[default] - Could NOT find resource [logback.xml]
19:03:32,170 |-INFO in ch.qos.logback.classic.LoggerContext[default] - Setting up default configuration.
19:03:32,278 |-INFO in ch.qos.logback.classic.joran.action.ConfigurationAction - debug attribute not set
19:03:32,282 |-INFO in ReconfigureOnChangeFilter{invocationCounter=0} - Will scan for changes in [[/opt/workspaceSpring/.metadata/.plugins/org.eclipse.m2e.logback.configuration/logback.1.8.2.20171007-0217.xml]] every 60 seconds. 
19:03:32,282 |-INFO in ch.qos.logback.classic.joran.action.ConfigurationAction - Adding ReconfigureOnChangeFilter as a turbo filter
19:03:32,286 |-INFO in ch.qos.logback.core.joran.action.AppenderAction - About to instantiate appender of type [ch.qos.logback.core.ConsoleAppender]
19:03:32,287 |-INFO in ch.qos.logback.core.joran.action.AppenderAction - Naming appender as [STDOUT]
19:03:32,321 |-INFO in ch.qos.logback.core.joran.action.AppenderAction - About to instantiate appender of type [ch.qos.logback.core.rolling.RollingFileAppender]
19:03:32,322 |-ERROR in ch.qos.logback.core.joran.action.AppenderAction - Could not create an Appender of type [ch.qos.logback.core.rolling.RollingFileAppender]. ch.qos.logback.core.util.DynamicClassLoadingException: Failed to instantiate type ch.qos.logback.core.rolling.RollingFileAppender
	at ch.qos.logback.core.util.DynamicClassLoadingException: Failed to instantiate type ch.qos.logback.core.rolling.RollingFileAppender
	at 	at ch.qos.logback.core.util.OptionHelper.instantiateByClassNameAndParameter(OptionHelper.java:73)
	at 	at ch.qos.logback.core.util.OptionHelper.instantiateByClassName(OptionHelper.java:48)
	at 	at ch.qos.logback.core.util.OptionHelper.instantiateByClassName(OptionHelper.java:35)
	at 	at ch.qos.logback.core.joran.action.AppenderAction.begin(AppenderAction.java:54)
	at 	at ch.qos.logback.core.joran.spi.Interpreter.callBeginAction(Interpreter.java:275)
	at 	at ch.qos.logback.core.joran.spi.Interpreter.startElement(Interpreter.java:147)
	at 	at ch.qos.logback.core.joran.spi.Interpreter.startElement(Interpreter.java:129)
	at 	at ch.qos.logback.core.joran.spi.EventPlayer.play(EventPlayer.java:50)
	at 	at ch.qos.logback.core.joran.GenericConfigurator.doConfigure(GenericConfigurator.java:149)
	at 	at ch.qos.logback.core.joran.GenericConfigurator.doConfigure(GenericConfigurator.java:135)
	at 	at ch.qos.logback.core.joran.GenericConfigurator.doConfigure(GenericConfigurator.java:99)
	at 	at ch.qos.logback.core.joran.GenericConfigurator.doConfigure(GenericConfigurator.java:49)
	at 	at org.eclipse.m2e.logback.configuration.LogPlugin.loadConfiguration(LogPlugin.java:185)
	at 	at org.eclipse.m2e.logback.configuration.LogPlugin.configureLogback(LogPlugin.java:144)
	at 	at org.eclipse.m2e.logback.configuration.LogPlugin.access$2(LogPlugin.java:107)
	at 	at org.eclipse.m2e.logback.configuration.LogPlugin$1.run(LogPlugin.java:62)
	at 	at java.util.TimerThread.mainLoop(Timer.java:555)
	at 	at java.util.TimerThread.run(Timer.java:505)
Caused by: java.lang.ClassNotFoundException: ch.qos.logback.core.rolling.RollingFileAppender cannot be found by ch.qos.logback.classic_1.1.2.v20160208-0839
	at 	at org.eclipse.osgi.internal.loader.BundleLoader.findClassInternal(BundleLoader.java:484)
	at 	at org.eclipse.osgi.internal.loader.BundleLoader.findClass(BundleLoader.java:395)
	at 	at org.eclipse.osgi.internal.loader.BundleLoader.findClass(BundleLoader.java:387)
	at 	at org.eclipse.osgi.internal.loader.ModuleClassLoader.loadClass(ModuleClassLoader.java:150)
	at 	at java.lang.ClassLoader.loadClass(ClassLoader.java:357)
	at 	at ch.qos.logback.core.util.OptionHelper.instantiateByClassNameAndParameter(OptionHelper.java:60)
	at 	... 17 common frames omitted
19:03:32,322 |-ERROR in ch.qos.logback.core.joran.spi.Interpreter@11:81 - ActionException in Action for tag [appender] ch.qos.logback.core.joran.spi.ActionException: ch.qos.logback.core.util.DynamicClassLoadingException: Failed to instantiate type ch.qos.logback.core.rolling.RollingFileAppender
	at ch.qos.logback.core.joran.spi.ActionException: ch.qos.logback.core.util.DynamicClassLoadingException: Failed to instantiate type ch.qos.logback.core.rolling.RollingFileAppender
	at 	at ch.qos.logback.core.joran.action.AppenderAction.begin(AppenderAction.java:82)
	at 	at ch.qos.logback.core.joran.spi.Interpreter.callBeginAction(Interpreter.java:275)
	at 	at ch.qos.logback.core.joran.spi.Interpreter.startElement(Interpreter.java:147)
	at 	at ch.qos.logback.core.joran.spi.Interpreter.startElement(Interpreter.java:129)
	at 	at ch.qos.logback.core.joran.spi.EventPlayer.play(EventPlayer.java:50)
	at 	at ch.qos.logback.core.joran.GenericConfigurator.doConfigure(GenericConfigurator.java:149)
	at 	at ch.qos.logback.core.joran.GenericConfigurator.doConfigure(GenericConfigurator.java:135)
	at 	at ch.qos.logback.core.joran.GenericConfigurator.doConfigure(GenericConfigurator.java:99)
	at 	at ch.qos.logback.core.joran.GenericConfigurator.doConfigure(GenericConfigurator.java:49)
	at 	at org.eclipse.m2e.logback.configuration.LogPlugin.loadConfiguration(LogPlugin.java:185)
	at 	at org.eclipse.m2e.logback.configuration.LogPlugin.configureLogback(LogPlugin.java:144)
	at 	at org.eclipse.m2e.logback.configuration.LogPlugin.access$2(LogPlugin.java:107)
	at 	at org.eclipse.m2e.logback.configuration.LogPlugin$1.run(LogPlugin.java:62)
	at 	at java.util.TimerThread.mainLoop(Timer.java:555)
	at 	at java.util.TimerThread.run(Timer.java:505)
Caused by: ch.qos.logback.core.util.DynamicClassLoadingException: Failed to instantiate type ch.qos.logback.core.rolling.RollingFileAppender
	at 	at ch.qos.logback.core.util.OptionHelper.instantiateByClassNameAndParameter(OptionHelper.java:73)
	at 	at ch.qos.logback.core.util.OptionHelper.instantiateByClassName(OptionHelper.java:48)
	at 	at ch.qos.logback.core.util.OptionHelper.instantiateByClassName(OptionHelper.java:35)
	at 	at ch.qos.logback.core.joran.action.AppenderAction.begin(AppenderAction.java:54)
	at 	... 14 common frames omitted
Caused by: java.lang.ClassNotFoundException: ch.qos.logback.core.rolling.RollingFileAppender cannot be found by ch.qos.logback.classic_1.1.2.v20160208-0839
	at 	at org.eclipse.osgi.internal.loader.BundleLoader.findClassInternal(BundleLoader.java:484)
	at 	at org.eclipse.osgi.internal.loader.BundleLoader.findClass(BundleLoader.java:395)
	at 	at org.eclipse.osgi.internal.loader.BundleLoader.findClass(BundleLoader.java:387)
	at 	at org.eclipse.osgi.internal.loader.ModuleClassLoader.loadClass(ModuleClassLoader.java:150)
	at 	at java.lang.ClassLoader.loadClass(ClassLoader.java:357)
	at 	at ch.qos.logback.core.util.OptionHelper.instantiateByClassNameAndParameter(OptionHelper.java:60)
	at 	... 17 common frames omitted
19:03:32,323 |-INFO in ch.qos.logback.core.joran.action.AppenderAction - About to instantiate appender of type [org.eclipse.m2e.logback.appender.EclipseLogAppender]
19:03:32,323 |-INFO in ch.qos.logback.core.joran.action.AppenderAction - Naming appender as [EclipseLog]
19:03:32,324 |-INFO in ch.qos.logback.core.joran.action.AppenderAction - About to instantiate appender of type [org.eclipse.m2e.logback.appender.MavenConsoleAppender]
19:03:32,325 |-INFO in ch.qos.logback.core.joran.action.AppenderAction - Naming appender as [MavenConsoleLog]
19:03:32,325 |-INFO in ch.qos.logback.classic.joran.action.RootLoggerAction - Setting level of ROOT logger to INFO
19:03:32,325 |-ERROR in ch.qos.logback.core.joran.action.AppenderRefAction - Could not find an appender named [FILE]. Did you define it below instead of above in the configuration file?
19:03:32,325 |-ERROR in ch.qos.logback.core.joran.action.AppenderRefAction - See http://logback.qos.ch/codes.html#appender_order for more details.
19:03:32,325 |-INFO in ch.qos.logback.core.joran.action.AppenderRefAction - Attaching appender named [STDOUT] to Logger[ROOT]
19:03:32,325 |-INFO in ch.qos.logback.core.joran.action.AppenderRefAction - Attaching appender named [EclipseLog] to Logger[ROOT]
19:03:32,481 |-INFO in ch.qos.logback.core.joran.action.AppenderRefAction - Attaching appender named [MavenConsoleLog] to Logger[ROOT]
19:03:32,482 |-INFO in ch.qos.logback.classic.joran.action.LoggerAction - Setting level of logger [com.ning.http.client] to INFO
19:03:32,482 |-INFO in ch.qos.logback.classic.joran.action.ConfigurationAction - End of configuration.
19:03:32,482 |-INFO in ch.qos.logback.classic.joran.JoranConfigurator@9974026 - Registering current configuration as safe fallback point


(gst-plugin-scanner:10950): Clutter-WARNING **: Whoever translated default:LTR did so wrongly.
Error sending IPC message: Pipe quebrado
Error sending IPC message: Pipe quebrado
Error sending IPC message: Pipe quebrado
19:04:02.590 [Background Thread-1 (Spring IDE/3.9.1)] DEBUG org.springframework.data.repository.config.RepositoryConfigurationDelegate - Spring Data JPA - Registering repository: imageRepository - Interface: com.example.image.ImageRepository - Factory: org.springframework.data.jpa.repository.support.JpaRepositoryFactoryBean
19:04:02.597 [Background Thread-1 (Spring IDE/3.9.1)] DEBUG org.springframework.data.repository.config.RepositoryConfigurationDelegate - Spring Data JPA - Registering repository: siteUserRepository - Interface: com.example.image.SiteUserRepository - Factory: org.springframework.data.jpa.repository.support.JpaRepositoryFactoryBean
19:04:04.430 [Background Thread-1 (Spring IDE/3.9.1)] DEBUG org.springframework.data.repository.config.RepositoryConfigurationDelegate - Spring Data MongoDB - Registering repository: userRepository - Interface: com.github.vlsidlyarevich.repository.UserRepository - Factory: org.springframework.data.mongodb.repository.support.MongoRepositoryFactoryBean

(gst-plugin-scanner:11254): Clutter-WARNING **: Whoever translated default:LTR did so wrongly.
19:09:03.025 [Background Thread-2 (Spring IDE/3.9.1)] DEBUG org.springframework.data.repository.config.RepositoryConfigurationDelegate - Spring Data MongoDB - Registering repository: userRepository - Interface: com.github.vlsidlyarevich.repository.UserRepository - Factory: org.springframework.data.mongodb.repository.support.MongoRepositoryFactoryBean
19:09:14.149 [Background Thread-2 (Spring IDE/3.9.1)] DEBUG org.springframework.data.repository.config.RepositoryConfigurationDelegate - Spring Data MongoDB - Registering repository: userRepository - Interface: com.github.vlsidlyarevich.repository.UserRepository - Factory: org.springframework.data.mongodb.repository.support.MongoRepositoryFactoryBean
19:16:31.805 [Background Thread-3 (Spring IDE/3.9.1)] DEBUG org.springframework.data.repository.config.RepositoryConfigurationDelegate - Spring Data MongoDB - Registering repository: userRepository - Interface: com.github.vlsidlyarevich.repository.UserRepository - Factory: org.springframework.data.mongodb.repository.support.MongoRepositoryFactoryBean
19:17:03.485 [Background Thread-3 (Spring IDE/3.9.1)] DEBUG org.springframework.data.repository.config.RepositoryConfigurationDelegate - Spring Data MongoDB - Registering repository: userRepository - Interface: com.github.vlsidlyarevich.repository.UserRepository - Factory: org.springframework.data.mongodb.repository.support.MongoRepositoryFactoryBean
19:18:21.328 [Background Thread-4 (Spring IDE/3.9.1)] DEBUG org.springframework.data.repository.config.RepositoryConfigurationDelegate - Spring Data MongoDB - Registering repository: userRepository - Interface: com.github.vlsidlyarevich.repository.UserRepository - Factory: org.springframework.data.mongodb.repository.support.MongoRepositoryFactoryBean
ORM initialization successful
App events bus { name: 'booted', namespace: 'shared' }
App events bus { name: 'booted', namespace: 'requester' }
org.eclipse.m2e.logback.configuration: The org.eclipse.m2e.logback.configuration bundle was activated before the state location was initialized.  Will retry after the state location is initialized.
org.eclipse.m2e.logback.configuration: Logback config file: /home/matheus/wokspaceSTS/.metadata/.plugins/org.eclipse.m2e.logback.configuration/logback.1.9.0.20180606-2036.xml
org.eclipse.m2e.logback.configuration: Initializing logback
Transformer WrapMethodCallScript failed on org/eclipse/jdt/core/dom/ASTConverter. Trace:
java.lang.UnsupportedOperationException: This feature requires ASM5
	at org.objectweb.asm.MethodVisitor.visitInvokeDynamicInsn(MethodVisitor.java:459)
	at org.objectweb.asm.ClassReader.readCode(ClassReader.java:2237)
	at org.objectweb.asm.ClassReader.readMethod(ClassReader.java:1274)
	at org.objectweb.asm.ClassReader.accept(ClassReader.java:679)
	at org.objectweb.asm.ClassReader.accept(ClassReader.java:391)
	at lombok.patcher.PatchScript.runASM(PatchScript.java:111)
	at lombok.patcher.scripts.MethodLevelPatchScript.patch(MethodLevelPatchScript.java:53)
	at lombok.patcher.ScriptManager$OurClassFileTransformer.transform(ScriptManager.java:106)
	at sun.instrument.TransformerManager.transform(TransformerManager.java:188)
	at sun.instrument.InstrumentationImpl.transform(InstrumentationImpl.java:428)
	at java.lang.ClassLoader.defineClass1(Native Method)
	at java.lang.ClassLoader.defineClass(ClassLoader.java:763)
	at org.eclipse.osgi.internal.loader.ModuleClassLoader.defineClass(ModuleClassLoader.java:276)
	at org.eclipse.osgi.internal.loader.classpath.ClasspathManager.defineClass(ClasspathManager.java:632)
	at org.eclipse.osgi.internal.loader.classpath.ClasspathManager.findClassImpl(ClasspathManager.java:555)
	at org.eclipse.osgi.internal.loader.classpath.ClasspathManager.findLocalClassImpl(ClasspathManager.java:514)
	at org.eclipse.osgi.internal.loader.classpath.ClasspathManager.findLocalClass(ClasspathManager.java:501)
	at org.eclipse.osgi.internal.loader.ModuleClassLoader.findLocalClass(ModuleClassLoader.java:328)
	at org.eclipse.osgi.internal.loader.BundleLoader.findLocalClass(BundleLoader.java:392)
	at org.eclipse.osgi.internal.loader.BundleLoader.findClassInternal(BundleLoader.java:470)
	at org.eclipse.osgi.internal.loader.BundleLoader.findClass(BundleLoader.java:419)
	at org.eclipse.osgi.internal.loader.BundleLoader.findClass(BundleLoader.java:411)
	at org.eclipse.osgi.internal.loader.ModuleClassLoader.loadClass(ModuleClassLoader.java:150)
	at java.lang.ClassLoader.loadClass(ClassLoader.java:357)
	at org.eclipse.jdt.core.dom.AST.convertCompilationUnit(AST.java:310)
	at org.eclipse.jdt.internal.core.ReconcileWorkingCopyOperation.makeConsistent(ReconcileWorkingCopyOperation.java:206)
	at org.eclipse.jdt.internal.core.ReconcileWorkingCopyOperation.executeOperation(ReconcileWorkingCopyOperation.java:91)
	at org.eclipse.jdt.internal.core.JavaModelOperation.run(JavaModelOperation.java:733)
	at org.eclipse.jdt.internal.core.JavaModelOperation.runOperation(JavaModelOperation.java:799)
	at org.eclipse.jdt.internal.core.CompilationUnit.reconcile(CompilationUnit.java:1319)
	at org.eclipse.jdt.internal.ui.text.java.JavaReconcilingStrategy.reconcile(JavaReconcilingStrategy.java:128)
	at org.eclipse.jdt.internal.ui.text.java.JavaReconcilingStrategy.access$0(JavaReconcilingStrategy.java:110)
	at org.eclipse.jdt.internal.ui.text.java.JavaReconcilingStrategy$1.run(JavaReconcilingStrategy.java:90)
	at org.eclipse.core.runtime.SafeRunner.run(SafeRunner.java:42)
	at org.eclipse.jdt.internal.ui.text.java.JavaReconcilingStrategy.reconcile(JavaReconcilingStrategy.java:87)
	at org.eclipse.jdt.internal.ui.text.java.JavaReconcilingStrategy.initialReconcile(JavaReconcilingStrategy.java:185)
	at org.eclipse.jdt.internal.ui.text.CompositeReconcilingStrategy.initialReconcile(CompositeReconcilingStrategy.java:119)
	at org.eclipse.jdt.internal.ui.text.JavaCompositeReconcilingStrategy.initialReconcile(JavaCompositeReconcilingStrategy.java:136)
	at org.eclipse.jface.text.reconciler.MonoReconciler.initialProcess(MonoReconciler.java:95)
	at org.eclipse.jdt.internal.ui.text.JavaReconciler.initialProcess(JavaReconciler.java:420)
	at org.eclipse.jface.text.reconciler.AbstractReconciler$BackgroundThread.run(AbstractReconciler.java:174)
23:10:03.046 [Background Thread-1 (Spring IDE/3.9.5)] DEBUG org.springframework.data.repository.config.RepositoryConfigurationDelegate - Spring Data Elasticsearch - Registering repository: pedidoRepository - Interface: com.puc.tcc.consumer.repository.PedidoRepository - Factory: org.springframework.data.elasticsearch.repository.support.ElasticsearchRepositoryFactoryBean
23:10:03.070 [Background Thread-1 (Spring IDE/3.9.5)] DEBUG org.springframework.data.repository.config.RepositoryConfigurationDelegate - Spring Data Elasticsearch - Registering repository: avaliacaoRepository - Interface: com.puc.tcc.consumer.repository.AvaliacaoRepository - Factory: org.springframework.data.elasticsearch.repository.support.ElasticsearchRepositoryFactoryBean
23:10:03.075 [Background Thread-1 (Spring IDE/3.9.5)] DEBUG org.springframework.data.repository.config.RepositoryConfigurationDelegate - Spring Data Elasticsearch - Registering repository: entregaRepository - Interface: com.puc.tcc.consumer.repository.EntregaRepository - Factory: org.springframework.data.elasticsearch.repository.support.ElasticsearchRepositoryFactoryBean
23:10:06.253 [Background Thread-1 (Spring IDE/3.9.5)] DEBUG org.springframework.data.repository.config.RepositoryConfigurationDelegate - Spring Data MongoDB - Registering repository: avaliacaoRepository - Interface: com.puc.tcc.entrega.repository.AvaliacaoRepository - Factory: org.springframework.data.mongodb.repository.support.MongoRepositoryFactoryBean
23:10:06.265 [Background Thread-1 (Spring IDE/3.9.5)] DEBUG org.springframework.data.repository.config.RepositoryConfigurationDelegate - Spring Data MongoDB - Registering repository: entregaRepository - Interface: com.puc.tcc.entrega.repository.EntregaRepository - Factory: org.springframework.data.mongodb.repository.support.MongoRepositoryFactoryBean
23:31:38.306 [Background Thread-2 (Spring IDE/3.9.5)] DEBUG org.springframework.data.repository.config.RepositoryConfigurationDelegate - Spring Data JPA - Registering repository: contatoRepository - Interface: com.tower.condominio.repository.ContatoRepository - Factory: org.springframework.data.jpa.repository.support.JpaRepositoryFactoryBean
23:31:38.318 [Background Thread-2 (Spring IDE/3.9.5)] DEBUG org.springframework.data.repository.config.RepositoryConfigurationDelegate - Spring Data JPA - Registering repository: moradorRepository - Interface: com.tower.condominio.repository.MoradorRepository - Factory: org.springframework.data.jpa.repository.support.JpaRepositoryFactoryBean
23:31:38.323 [Background Thread-2 (Spring IDE/3.9.5)] DEBUG org.springframework.data.repository.config.RepositoryConfigurationDelegate - Spring Data JPA - Registering repository: enderecoRepository - Interface: com.tower.condominio.repository.EnderecoRepository - Factory: org.springframework.data.jpa.repository.support.JpaRepositoryFactoryBean
23:31:38.327 [Background Thread-2 (Spring IDE/3.9.5)] DEBUG org.springframework.data.repository.config.RepositoryConfigurationDelegate - Spring Data JPA - Registering repository: pessoaRepository - Interface: com.tower.condominio.repository.PessoaRepository - Factory: org.springframework.data.jpa.repository.support.JpaRepositoryFactoryBean
23:31:38.330 [Background Thread-2 (Spring IDE/3.9.5)] DEBUG org.springframework.data.repository.config.RepositoryConfigurationDelegate - Spring Data JPA - Registering repository: blocoRepository - Interface: com.tower.condominio.repository.BlocoRepository - Factory: org.springframework.data.jpa.repository.support.JpaRepositoryFactoryBean
23:31:38.333 [Background Thread-2 (Spring IDE/3.9.5)] DEBUG org.springframework.data.repository.config.RepositoryConfigurationDelegate - Spring Data JPA - Registering repository: condominioRepository - Interface: com.tower.condominio.repository.CondominioRepository - Factory: org.springframework.data.jpa.repository.support.JpaRepositoryFactoryBean
23:31:38.339 [Background Thread-2 (Spring IDE/3.9.5)] DEBUG org.springframework.data.repository.config.RepositoryConfigurationDelegate - Spring Data JPA - Registering repository: patoRepository - Interface: com.tower.condominio.repository.PatoRepository - Factory: org.springframework.data.jpa.repository.support.JpaRepositoryFactoryBean
23:31:38.347 [Background Thread-2 (Spring IDE/3.9.5)] DEBUG org.springframework.data.repository.config.RepositoryConfigurationDelegate - Spring Data JPA - Registering repository: apartamentoRepository - Interface: com.tower.condominio.repository.ApartamentoRepository - Factory: org.springframework.data.jpa.repository.support.JpaRepositoryFactoryBean
23:31:42.086 [Background Thread-2 (Spring IDE/3.9.5)] DEBUG org.springframework.data.repository.config.RepositoryConfigurationDelegate - Spring Data Elasticsearch - Registering repository: avaliacaoRepository - Interface: com.puc.tcc.consumer.repository.AvaliacaoRepository - Factory: org.springframework.data.elasticsearch.repository.support.ElasticsearchRepositoryFactoryBean
23:31:42.090 [Background Thread-2 (Spring IDE/3.9.5)] DEBUG org.springframework.data.repository.config.RepositoryConfigurationDelegate - Spring Data Elasticsearch - Registering repository: entregaRepository - Interface: com.puc.tcc.consumer.repository.EntregaRepository - Factory: org.springframework.data.elasticsearch.repository.support.ElasticsearchRepositoryFactoryBean
23:31:42.095 [Background Thread-2 (Spring IDE/3.9.5)] DEBUG org.springframework.data.repository.config.RepositoryConfigurationDelegate - Spring Data Elasticsearch - Registering repository: pedidoRepository - Interface: com.puc.tcc.consumer.repository.PedidoRepository - Factory: org.springframework.data.elasticsearch.repository.support.ElasticsearchRepositoryFactoryBean
23:31:46.689 [Background Thread-2 (Spring IDE/3.9.5)] DEBUG org.springframework.data.repository.config.RepositoryConfigurationDelegate - Spring Data MongoDB - Registering repository: avaliacaoRepository - Interface: com.puc.tcc.entrega.repository.AvaliacaoRepository - Factory: org.springframework.data.mongodb.repository.support.MongoRepositoryFactoryBean
23:31:46.692 [Background Thread-2 (Spring IDE/3.9.5)] DEBUG org.springframework.data.repository.config.RepositoryConfigurationDelegate - Spring Data MongoDB - Registering repository: entregaRepository - Interface: com.puc.tcc.entrega.repository.EntregaRepository - Factory: org.springframework.data.mongodb.repository.support.MongoRepositoryFactoryBean
Memory pressure relief: Total: res = 12673024/12374016/-299008, res+swap = 9015296/8704000/-311296
Memory pressure relief: Total: res = 12726272/12460032/-266240, res+swap = 9052160/8785920/-266240
Memory pressure relief: Total: res = 12435456/12435456/0, res+swap = 8757248/8757248/0
Memory pressure relief: Total: res = 12435456/12439552/4096, res+swap = 8761344/8761344/0
Memory pressure relief: Total: res = 12439552/12439552/0, res+swap = 8761344/8761344/0
Memory pressure relief: Total: res = 12804096/12476416/-327680, res+swap = 9129984/8798208/-331776
Memory pressure relief: Total: res = 12398592/12394496/-4096, res+swap = 8720384/8716288/-4096
Memory pressure relief: Total: res = 12394496/12394496/0, res+swap = 8716288/8716288/0
Memory pressure relief: Total: res = 12394496/12398592/4096, res+swap = 8720384/8720384/0
Memory pressure relief: Total: res = 12398592/12398592/0, res+swap = 8720384/8720384/0
Memory pressure relief: Total: res = 12382208/12382208/0, res+swap = 8704000/8704000/0
Memory pressure relief: Total: res = 12382208/12382208/0, res+swap = 8704000/8704000/0
Memory pressure relief: Total: res = 12382208/12386304/4096, res+swap = 8708096/8708096/0
Memory pressure relief: Total: res = 12386304/12386304/0, res+swap = 8708096/8708096/0
Memory pressure relief: Total: res = 12386304/12386304/0, res+swap = 8708096/8708096/0
Memory pressure relief: Total: res = 12386304/12390400/4096, res+swap = 8712192/8712192/0
Memory pressure relief: Total: res = 12390400/12390400/0, res+swap = 8712192/8712192/0
Memory pressure relief: Total: res = 12390400/12390400/0, res+swap = 8712192/8712192/0
Memory pressure relief: Total: res = 12390400/12394496/4096, res+swap = 8716288/8716288/0
Memory pressure relief: Total: res = 12394496/12394496/0, res+swap = 8716288/8716288/0
Memory pressure relief: Total: res = 12394496/12394496/0, res+swap = 8716288/8716288/0
Memory pressure relief: Total: res = 12431360/12316672/-114688, res+swap = 8765440/8638464/-126976
Memory pressure relief: Total: res = 12312576/12312576/0, res+swap = 8638464/8634368/-4096
Memory pressure relief: Total: res = 12423168/12296192/-126976, res+swap = 8753152/8626176/-126976
Memory pressure relief: Total: res = 12603392/12447744/-155648, res+swap = 8933376/8769536/-163840
Memory pressure relief: Total: res = 12435456/12435456/0, res+swap = 8757248/8757248/0
Memory pressure relief: Total: res = 12435456/12435456/0, res+swap = 8757248/8757248/0
Memory pressure relief: Total: res = 12435456/12439552/4096, res+swap = 8761344/8761344/0
Memory pressure relief: Total: res = 12439552/12439552/0, res+swap = 8761344/8761344/0
Memory pressure relief: Total: res = 12423168/12423168/0, res+swap = 8744960/8744960/0
Memory pressure relief: Total: res = 12423168/12423168/0, res+swap = 8744960/8744960/0
Memory pressure relief: Total: res = 12423168/12427264/4096, res+swap = 8749056/8749056/0
Memory pressure relief: Total: res = 12591104/12447744/-143360, res+swap = 8916992/8769536/-147456
Memory pressure relief: Total: res = 12439552/12431360/-8192, res+swap = 8761344/8753152/-8192
Memory pressure relief: Total: res = 12431360/12431360/0, res+swap = 8753152/8753152/0
Memory pressure relief: Total: res = 12431360/12435456/4096, res+swap = 8757248/8757248/0
Memory pressure relief: Total: res = 12435456/12435456/0, res+swap = 8757248/8757248/0
Memory pressure relief: Total: res = 12435456/12435456/0, res+swap = 8757248/8757248/0
Memory pressure relief: Total: res = 12435456/12439552/4096, res+swap = 8761344/8761344/0
Memory pressure relief: Total: res = 12439552/12439552/0, res+swap = 8761344/8761344/0
Memory pressure relief: Total: res = 12439552/12443648/4096, res+swap = 8765440/8765440/0
Memory pressure relief: Total: res = 12443648/12443648/0, res+swap = 8765440/8765440/0
Memory pressure relief: Total: res = 12443648/12443648/0, res+swap = 8765440/8765440/0
Connection to https://spring.io/blog.atom failed on spring.io: Falha temporário na resolução de nome. Retry attempt 0 started
java.net.UnknownHostException: spring.io: Falha temporário na resolução de nome
	at java.net.Inet6AddressImpl.lookupAllHostAddr(Native Method)
	at java.net.InetAddress$2.lookupAllHostAddr(InetAddress.java:928)
	at java.net.InetAddress.getAddressesFromNameService(InetAddress.java:1323)
	at java.net.InetAddress.getAllByName0(InetAddress.java:1276)
	at java.net.InetAddress.getAllByName(InetAddress.java:1192)
	at java.net.InetAddress.getAllByName(InetAddress.java:1126)
	at org.apache.http.impl.conn.SystemDefaultDnsResolver.resolve(SystemDefaultDnsResolver.java:45)
	at org.apache.http.impl.conn.DefaultClientConnectionOperator.resolveHostname(DefaultClientConnectionOperator.java:262)
	at org.apache.http.impl.conn.DefaultClientConnectionOperator.openConnection(DefaultClientConnectionOperator.java:161)
	at org.apache.http.impl.conn.AbstractPoolEntry.open(AbstractPoolEntry.java:144)
	at org.apache.http.impl.conn.AbstractPooledConnAdapter.open(AbstractPooledConnAdapter.java:134)
	at org.apache.http.impl.client.DefaultRequestDirector.tryConnect(DefaultRequestDirector.java:612)
	at org.apache.http.impl.client.DefaultRequestDirector.execute(DefaultRequestDirector.java:447)
	at org.apache.http.impl.client.AbstractHttpClient.doExecute(AbstractHttpClient.java:884)
	at org.apache.http.impl.client.CloseableHttpClient.execute(CloseableHttpClient.java:82)
	at org.eclipse.ecf.provider.filetransfer.httpclient4.HttpClientRetrieveFileTransfer.performConnect(HttpClientRetrieveFileTransfer.java:1084)
	at org.eclipse.ecf.provider.filetransfer.httpclient4.HttpClientRetrieveFileTransfer.access$0(HttpClientRetrieveFileTransfer.java:1075)
	at org.eclipse.ecf.provider.filetransfer.httpclient4.HttpClientRetrieveFileTransfer$1.performFileTransfer(HttpClientRetrieveFileTransfer.java:1071)
	at org.eclipse.ecf.filetransfer.FileTransferJob.run(FileTransferJob.java:74)
	at org.eclipse.core.internal.jobs.Worker.run(Worker.java:60)
Memory pressure relief: Total: res = 12451840/12455936/4096, res+swap = 8794112/8790016/-4096
Memory pressure relief: Total: res = 12468224/12455936/-12288, res+swap = 8802304/8790016/-12288
Memory pressure relief: Total: res = 12435456/12439552/4096, res+swap = 8781824/8773632/-8192
Memory pressure relief: Total: res = 12603392/12480512/-122880, res+swap = 8962048/8835072/-126976
Memory pressure relief: Total: res = 12603392/12488704/-114688, res+swap = 8978432/8859648/-118784
Memory pressure relief: Total: res = 12480512/12480512/0, res+swap = 8851456/8851456/0
Memory pressure relief: Total: res = 12468224/12468224/0, res+swap = 8839168/8839168/0
Memory pressure relief: Total: res = 12468224/12468224/0, res+swap = 8839168/8839168/0
Memory pressure relief: Total: res = 12468224/12472320/4096, res+swap = 8843264/8843264/0
Memory pressure relief: Total: res = 4321280/4321280/0, res+swap = 4251648/4251648/0
Memory pressure relief: Total: res = 4321280/4321280/0, res+swap = 4251648/4251648/0
Memory pressure relief: Total: res = 4321280/4325376/4096, res+swap = 4255744/4255744/0
Memory pressure relief: Total: res = 4136960/4141056/4096, res+swap = 4071424/4071424/0
Memory pressure relief: Total: res = 4141056/4141056/0, res+swap = 4071424/4071424/0
Memory pressure relief: Total: res = 4050944/4055040/4096, res+swap = 3985408/3985408/0
Memory pressure relief: Total: res = 4055040/4055040/0, res+swap = 3985408/3985408/0
Memory pressure relief: Total: res = 4055040/4059136/4096, res+swap = 3989504/3989504/0
Memory pressure relief: Total: res = 3969024/3969024/0, res+swap = 3899392/3903488/4096
Memory pressure relief: Total: res = 3969024/3973120/4096, res+swap = 3903488/3907584/4096
Memory pressure relief: Total: res = 4009984/4018176/8192, res+swap = 3952640/3952640/0
Memory pressure relief: Total: res = 3919872/3923968/4096, res+swap = 3858432/3858432/0
Memory pressure relief: Total: res = 3928064/3923968/-4096, res+swap = 3928064/3923968/-4096
Memory pressure relief: Total: res = 3928064/3936256/8192, res+swap = 3940352/3940352/0
Memory pressure relief: Total: res = 3936256/3936256/0, res+swap = 3940352/3940352/0
Memory pressure relief: Total: res = 4333568/4374528/40960, res+swap = 4190208/4198400/8192
Memory pressure relief: Total: res = 4374528/4378624/4096, res+swap = 4202496/4202496/0
Memory pressure relief: Total: res = 4382720/4382720/0, res+swap = 4206592/4206592/0
Memory pressure relief: Total: res = 4509696/4509696/0, res+swap = 4329472/4325376/-4096
Memory pressure relief: Total: res = 4509696/4509696/0, res+swap = 4325376/4325376/0
Memory pressure relief: Total: res = 4452352/4464640/12288, res+swap = 4288512/4280320/-8192
Memory pressure relief: Total: res = 2555904/2637824/81920, res+swap = 2994176/3010560/16384
Memory pressure relief: Total: res = 3051520/3149824/98304, res+swap = 3428352/3448832/20480
Memory pressure relief: Total: res = 3149824/3153920/4096, res+swap = 3452928/3452928/0
Memory pressure relief: Total: res = 2912256/2912256/0, res+swap = 3301376/3297280/-4096
Memory pressure relief: Total: res = 2867200/2867200/0, res+swap = 3256320/3260416/4096
Memory pressure relief: Total: res = 2867200/2883584/16384, res+swap = 3284992/3284992/0
Memory pressure relief: Total: res = 2805760/2826240/20480, res+swap = 3272704/3276800/4096
Memory pressure relief: Total: res = 3076096/3084288/8192, res+swap = 3317760/3317760/0
Memory pressure relief: Total: res = 3063808/3072000/8192, res+swap = 3346432/3350528/4096
Memory pressure relief: Total: res = 3076096/3076096/0, res+swap = 3350528/3350528/0
Memory pressure relief: Total: res = 3076096/3076096/0, res+swap = 3350528/3350528/0
Memory pressure relief: Total: res = 3084288/3084288/0, res+swap = 3358720/3358720/0
Memory pressure relief: Total: res = 3088384/3088384/0, res+swap = 3362816/3362816/0
Memory pressure relief: Total: res = 3088384/3088384/0, res+swap = 3362816/3362816/0
Memory pressure relief: Total: res = 3088384/3092480/4096, res+swap = 3366912/3366912/0
Memory pressure relief: Total: res = 3092480/3092480/0, res+swap = 3366912/3371008/4096
Memory pressure relief: Total: res = 3092480/3104768/12288, res+swap = 3375104/3379200/4096
Memory pressure relief: Total: res = 3104768/3108864/4096, res+swap = 3383296/3383296/0
Memory pressure relief: Total: res = 3108864/3108864/0, res+swap = 3383296/3383296/0
Memory pressure relief: Total: res = 3108864/3108864/0, res+swap = 3383296/3383296/0
Memory pressure relief: Total: res = 3108864/3112960/4096, res+swap = 3387392/3387392/0
Memory pressure relief: Total: res = 3112960/3112960/0, res+swap = 3387392/3387392/0
Memory pressure relief: Total: res = 3112960/3112960/0, res+swap = 3387392/3387392/0
Memory pressure relief: Total: res = 3112960/3117056/4096, res+swap = 3391488/3391488/0
Memory pressure relief: Total: res = 3117056/3117056/0, res+swap = 3391488/3391488/0
Memory pressure relief: Total: res = 3117056/3117056/0, res+swap = 3391488/3391488/0
Memory pressure relief: Total: res = 3117056/3125248/8192, res+swap = 3395584/3399680/4096
Memory pressure relief: Total: res = 3125248/3125248/0, res+swap = 3399680/3399680/0
Memory pressure relief: Total: res = 3125248/3125248/0, res+swap = 3399680/3399680/0
Memory pressure relief: Total: res = 3125248/3129344/4096, res+swap = 3403776/3403776/0
Memory pressure relief: Total: res = 3129344/3129344/0, res+swap = 3403776/3403776/0
Memory pressure relief: Total: res = 3129344/3129344/0, res+swap = 3403776/3407872/4096
Memory pressure relief: Total: res = 3129344/3141632/12288, res+swap = 3416064/3416064/0
Memory pressure relief: Total: res = 3141632/3141632/0, res+swap = 3416064/3416064/0
Memory pressure relief: Total: res = 3141632/3141632/0, res+swap = 3416064/3416064/0
Memory pressure relief: Total: res = 3141632/3145728/4096, res+swap = 3420160/3420160/0
Memory pressure relief: Total: res = 3145728/3149824/4096, res+swap = 3420160/3424256/4096
Memory pressure relief: Total: res = 3149824/3149824/0, res+swap = 3424256/3424256/0
Memory pressure relief: Total: res = 3149824/3153920/4096, res+swap = 3428352/3428352/0
Memory pressure relief: Total: res = 3153920/3153920/0, res+swap = 3428352/3428352/0
Memory pressure relief: Total: res = 3153920/3153920/0, res+swap = 3428352/3428352/0
Memory pressure relief: Total: res = 3153920/3158016/4096, res+swap = 3432448/3432448/0
Memory pressure relief: Total: res = 3158016/3158016/0, res+swap = 3432448/3432448/0
Memory pressure relief: Total: res = 3158016/3158016/0, res+swap = 3432448/3432448/0
Memory pressure relief: Total: res = 3158016/3162112/4096, res+swap = 3436544/3436544/0
Memory pressure relief: Total: res = 3162112/3162112/0, res+swap = 3436544/3436544/0
Memory pressure relief: Total: res = 3162112/3162112/0, res+swap = 3436544/3436544/0
Memory pressure relief: Total: res = 3162112/3174400/12288, res+swap = 3444736/3448832/4096
Memory pressure relief: Total: res = 3174400/3178496/4096, res+swap = 3452928/3452928/0
Memory pressure relief: Total: res = 3178496/3178496/0, res+swap = 3452928/3452928/0
Memory pressure relief: Total: res = 3178496/3186688/8192, res+swap = 3461120/3461120/0
Memory pressure relief: Total: res = 3186688/3186688/0, res+swap = 3461120/3461120/0
Memory pressure relief: Total: res = 3186688/3186688/0, res+swap = 3461120/3461120/0
Memory pressure relief: Total: res = 3186688/3190784/4096, res+swap = 3465216/3465216/0
Memory pressure relief: Total: res = 3190784/3190784/0, res+swap = 3465216/3465216/0
Memory pressure relief: Total: res = 3190784/3194880/4096, res+swap = 3465216/3469312/4096
Memory pressure relief: Total: res = 3194880/3198976/4096, res+swap = 3473408/3473408/0
Memory pressure relief: Total: res = 3198976/3198976/0, res+swap = 3473408/3473408/0
Memory pressure relief: Total: res = 3198976/3198976/0, res+swap = 3473408/3473408/0
Memory pressure relief: Total: res = 3198976/3203072/4096, res+swap = 3477504/3477504/0
Memory pressure relief: Total: res = 3203072/3203072/0, res+swap = 3477504/3477504/0
Memory pressure relief: Total: res = 3203072/3203072/0, res+swap = 3477504/3477504/0
Memory pressure relief: Total: res = 3203072/3207168/4096, res+swap = 3481600/3481600/0
Memory pressure relief: Total: res = 3207168/3207168/0, res+swap = 3481600/3485696/4096
Memory pressure relief: Total: res = 3207168/3215360/8192, res+swap = 3489792/3489792/0
Memory pressure relief: Total: res = 3215360/3223552/8192, res+swap = 3493888/3497984/4096
Memory pressure relief: Total: res = 3223552/3223552/0, res+swap = 3497984/3497984/0
Memory pressure relief: Total: res = 3223552/3223552/0, res+swap = 3497984/3497984/0
Memory pressure relief: Total: res = 3223552/3227648/4096, res+swap = 3502080/3502080/0
Memory pressure relief: Total: res = 3227648/3227648/0, res+swap = 3502080/3502080/0
Memory pressure relief: Total: res = 3227648/3227648/0, res+swap = 3502080/3502080/0
Memory pressure relief: Total: res = 3227648/3231744/4096, res+swap = 3506176/3506176/0
Memory pressure relief: Total: res = 3231744/3231744/0, res+swap = 3506176/3506176/0
Memory pressure relief: Total: res = 3231744/3231744/0, res+swap = 3506176/3506176/0
Memory pressure relief: Total: res = 3231744/3235840/4096, res+swap = 3510272/3510272/0
Memory pressure relief: Total: res = 3235840/3239936/4096, res+swap = 3510272/3514368/4096
Memory pressure relief: Total: res = 3239936/3239936/0, res+swap = 3514368/3514368/0
Memory pressure relief: Total: res = 3239936/3244032/4096, res+swap = 3518464/3518464/0
Memory pressure relief: Total: res = 3244032/3244032/0, res+swap = 3518464/3518464/0
Memory pressure relief: Total: res = 3244032/3248128/4096, res+swap = 3518464/3522560/4096
Memory pressure relief: Total: res = 3248128/3256320/8192, res+swap = 3530752/3530752/0
Memory pressure relief: Total: res = 3256320/3256320/0, res+swap = 3530752/3530752/0
Memory pressure relief: Total: res = 3256320/3256320/0, res+swap = 3530752/3530752/0
Memory pressure relief: Total: res = 3256320/3096576/-159744, res+swap = 3534848/3375104/-159744
Memory pressure relief: Total: res = 3096576/3108864/12288, res+swap = 3383296/3383296/0
Memory pressure relief: Total: res = 3108864/3112960/4096, res+swap = 3383296/3387392/4096
Memory pressure relief: Total: res = 3112960/3112960/0, res+swap = 3387392/3387392/0
Memory pressure relief: Total: res = 3112960/3117056/4096, res+swap = 3391488/3391488/0
Memory pressure relief: Total: res = 3117056/3117056/0, res+swap = 3391488/3391488/0
Memory pressure relief: Total: res = 3117056/3117056/0, res+swap = 3391488/3391488/0
Memory pressure relief: Total: res = 3117056/3121152/4096, res+swap = 3395584/3395584/0
Memory pressure relief: Total: res = 3121152/3121152/0, res+swap = 3395584/3395584/0
Memory pressure relief: Total: res = 3121152/3121152/0, res+swap = 3395584/3395584/0
Memory pressure relief: Total: res = 3121152/3125248/4096, res+swap = 3399680/3399680/0
Memory pressure relief: Total: res = 3125248/3125248/0, res+swap = 3399680/3399680/0
Memory pressure relief: Total: res = 3125248/3129344/4096, res+swap = 3399680/3403776/4096
Memory pressure relief: Total: res = 3129344/3133440/4096, res+swap = 3407872/3407872/0
Memory pressure relief: Total: res = 3133440/3133440/0, res+swap = 3407872/3407872/0
Memory pressure relief: Total: res = 3133440/3133440/0, res+swap = 3407872/3407872/0
Memory pressure relief: Total: res = 3133440/3141632/8192, res+swap = 3411968/3416064/4096
Memory pressure relief: Total: res = 3141632/3145728/4096, res+swap = 3420160/3420160/0
Memory pressure relief: Total: res = 3145728/3145728/0, res+swap = 3420160/3420160/0
Memory pressure relief: Total: res = 3145728/3149824/4096, res+swap = 3424256/3424256/0
Memory pressure relief: Total: res = 3149824/3149824/0, res+swap = 3424256/3424256/0
Memory pressure relief: Total: res = 3149824/3149824/0, res+swap = 3424256/3424256/0
Memory pressure relief: Total: res = 3149824/3158016/8192, res+swap = 3428352/3432448/4096
Memory pressure relief: Total: res = 3158016/3158016/0, res+swap = 3432448/3432448/0
Memory pressure relief: Total: res = 3158016/3158016/0, res+swap = 3432448/3432448/0
Memory pressure relief: Total: res = 3158016/3162112/4096, res+swap = 3436544/3436544/0
Memory pressure relief: Total: res = 3162112/3162112/0, res+swap = 3436544/3436544/0
Memory pressure relief: Total: res = 3162112/3162112/0, res+swap = 3436544/3436544/0
Memory pressure relief: Total: res = 3162112/3166208/4096, res+swap = 3440640/3440640/0
Memory pressure relief: Total: res = 3166208/3166208/0, res+swap = 3440640/3440640/0
Memory pressure relief: Total: res = 3166208/3166208/0, res+swap = 3440640/3440640/0
Memory pressure relief: Total: res = 3166208/3170304/4096, res+swap = 3444736/3444736/0
Memory pressure relief: Total: res = 3174400/3178496/4096, res+swap = 3448832/3452928/4096
Memory pressure relief: Total: res = 3178496/3182592/4096, res+swap = 3457024/3457024/0
Memory pressure relief: Total: res = 3182592/3186688/4096, res+swap = 3461120/3461120/0
Memory pressure relief: Total: res = 3186688/3186688/0, res+swap = 3461120/3461120/0
Memory pressure relief: Total: res = 3186688/3186688/0, res+swap = 3461120/3461120/0
Memory pressure relief: Total: res = 3186688/3190784/4096, res+swap = 3465216/3465216/0
Memory pressure relief: Total: res = 3190784/3190784/0, res+swap = 3465216/3465216/0
Memory pressure relief: Total: res = 3190784/3190784/0, res+swap = 3465216/3465216/0
Memory pressure relief: Total: res = 3190784/3194880/4096, res+swap = 3469312/3469312/0
Memory pressure relief: Total: res = 3194880/3194880/0, res+swap = 3469312/3469312/0
Memory pressure relief: Total: res = 3198976/3198976/0, res+swap = 3473408/3473408/0
Memory pressure relief: Total: res = 3198976/3203072/4096, res+swap = 3477504/3477504/0
Memory pressure relief: Total: res = 3203072/3203072/0, res+swap = 3477504/3477504/0
Memory pressure relief: Total: res = 3203072/3203072/0, res+swap = 3477504/3477504/0
Memory pressure relief: Total: res = 3203072/3207168/4096, res+swap = 3481600/3481600/0
Memory pressure relief: Total: res = 3207168/3207168/0, res+swap = 3481600/3481600/0
Memory pressure relief: Total: res = 3207168/3207168/0, res+swap = 3481600/3485696/4096
Memory pressure relief: Total: res = 3207168/3219456/12288, res+swap = 3493888/3493888/0
Memory pressure relief: Total: res = 3219456/3219456/0, res+swap = 3493888/3493888/0
Memory pressure relief: Total: res = 3219456/3219456/0, res+swap = 3493888/3493888/0
Memory pressure relief: Total: res = 3227648/3227648/0, res+swap = 3502080/3502080/0
Memory pressure relief: Total: res = 3227648/3227648/0, res+swap = 3502080/3502080/0
Memory pressure relief: Total: res = 3227648/3227648/0, res+swap = 3502080/3502080/0
Memory pressure relief: Total: res = 3227648/3231744/4096, res+swap = 3506176/3506176/0
Memory pressure relief: Total: res = 3231744/3231744/0, res+swap = 3506176/3506176/0
Memory pressure relief: Total: res = 3231744/3231744/0, res+swap = 3506176/3506176/0
Memory pressure relief: Total: res = 3231744/3235840/4096, res+swap = 3510272/3510272/0
Memory pressure relief: Total: res = 3235840/3235840/0, res+swap = 3510272/3510272/0
Memory pressure relief: Total: res = 3235840/3235840/0, res+swap = 3510272/3510272/0
Memory pressure relief: Total: res = 3235840/3239936/4096, res+swap = 3514368/3514368/0
Memory pressure relief: Total: res = 3239936/3244032/4096, res+swap = 3514368/3518464/4096
Memory pressure relief: Total: res = 3244032/3244032/0, res+swap = 3518464/3518464/0
Memory pressure relief: Total: res = 3244032/3252224/8192, res+swap = 3522560/3526656/4096
Memory pressure relief: Total: res = 3252224/3256320/4096, res+swap = 3530752/3530752/0
Memory pressure relief: Total: res = 3256320/3256320/0, res+swap = 3530752/3530752/0
Memory pressure relief: Total: res = 3256320/3260416/4096, res+swap = 3534848/3534848/0
Memory pressure relief: Total: res = 3260416/3260416/0, res+swap = 3534848/3534848/0
Memory pressure relief: Total: res = 3260416/3260416/0, res+swap = 3534848/3534848/0
Memory pressure relief: Total: res = 3260416/3264512/4096, res+swap = 3538944/3538944/0
Memory pressure relief: Total: res = 3264512/3264512/0, res+swap = 3538944/3538944/0
Memory pressure relief: Total: res = 3264512/3268608/4096, res+swap = 3538944/3543040/4096
Memory pressure relief: Total: res = 3268608/3272704/4096, res+swap = 3547136/3547136/0
Memory pressure relief: Total: res = 3272704/3272704/0, res+swap = 3547136/3547136/0
Memory pressure relief: Total: res = 3272704/3272704/0, res+swap = 3547136/3547136/0
Memory pressure relief: Total: res = 3260416/3264512/4096, res+swap = 3538944/3538944/0
Memory pressure relief: Total: res = 3264512/3264512/0, res+swap = 3538944/3538944/0
Memory pressure relief: Total: res = 3264512/3264512/0, res+swap = 3538944/3538944/0
Memory pressure relief: Total: res = 3264512/3268608/4096, res+swap = 3543040/3543040/0
Memory pressure relief: Total: res = 3268608/3268608/0, res+swap = 3543040/3547136/4096
Memory pressure relief: Total: res = 3268608/3276800/8192, res+swap = 3551232/3551232/0
Memory pressure relief: Total: res = 3276800/3284992/8192, res+swap = 3555328/3559424/4096
Memory pressure relief: Total: res = 3284992/3284992/0, res+swap = 3559424/3559424/0
Memory pressure relief: Total: res = 3284992/3284992/0, res+swap = 3559424/3559424/0
Memory pressure relief: Total: res = 3284992/3125248/-159744, res+swap = 3563520/3399680/-163840
Memory pressure relief: Total: res = 3125248/3133440/8192, res+swap = 3407872/3407872/0
Memory pressure relief: Total: res = 3133440/3133440/0, res+swap = 3407872/3407872/0
Memory pressure relief: Total: res = 3133440/3133440/0, res+swap = 3407872/3407872/0
Memory pressure relief: Total: res = 3133440/3137536/4096, res+swap = 3411968/3411968/0
Memory pressure relief: Total: res = 3137536/3137536/0, res+swap = 3411968/3411968/0
Memory pressure relief: Total: res = 3137536/3137536/0, res+swap = 3411968/3411968/0
Memory pressure relief: Total: res = 3137536/3145728/8192, res+swap = 3416064/3420160/4096
Memory pressure relief: Total: res = 3145728/3145728/0, res+swap = 3420160/3420160/0
Memory pressure relief: Total: res = 3145728/3145728/0, res+swap = 3420160/3420160/0
Memory pressure relief: Total: res = 3145728/3149824/4096, res+swap = 3424256/3424256/0
Memory pressure relief: Total: res = 3149824/3149824/0, res+swap = 3424256/3424256/0
Memory pressure relief: Total: res = 3149824/3149824/0, res+swap = 3424256/3424256/0
Memory pressure relief: Total: res = 3149824/3153920/4096, res+swap = 3428352/3428352/0
Memory pressure relief: Total: res = 3153920/3153920/0, res+swap = 3428352/3428352/0
Memory pressure relief: Total: res = 3153920/3153920/0, res+swap = 3428352/3428352/0
Memory pressure relief: Total: res = 3153920/3158016/4096, res+swap = 3432448/3436544/4096
Memory pressure relief: Total: res = 3158016/3170304/12288, res+swap = 3440640/3444736/4096
Memory pressure relief: Total: res = 3170304/3170304/0, res+swap = 3444736/3444736/0
Memory pressure relief: Total: res = 3170304/3174400/4096, res+swap = 3448832/3448832/0
Memory pressure relief: Total: res = 3174400/3174400/0, res+swap = 3448832/3448832/0
Memory pressure relief: Total: res = 3174400/3174400/0, res+swap = 3448832/3448832/0
Memory pressure relief: Total: res = 3174400/3178496/4096, res+swap = 3452928/3452928/0
Memory pressure relief: Total: res = 3178496/3178496/0, res+swap = 3452928/3452928/0
Memory pressure relief: Total: res = 3178496/3178496/0, res+swap = 3452928/3452928/0
Memory pressure relief: Total: res = 3178496/3182592/4096, res+swap = 3457024/3457024/0
Memory pressure relief: Total: res = 3182592/3182592/0, res+swap = 3457024/3457024/0
Memory pressure relief: Total: res = 3182592/3186688/4096, res+swap = 3457024/3461120/4096
Memory pressure relief: Total: res = 3186688/3190784/4096, res+swap = 3465216/3465216/0
Memory pressure relief: Total: res = 3190784/3190784/0, res+swap = 3465216/3465216/0
Memory pressure relief: Total: res = 3190784/3190784/0, res+swap = 3465216/3465216/0
Memory pressure relief: Total: res = 3190784/3194880/4096, res+swap = 3469312/3469312/0
Memory pressure relief: Total: res = 3194880/3194880/0, res+swap = 3469312/3473408/4096
Memory pressure relief: Total: res = 3194880/3203072/8192, res+swap = 3477504/3477504/0
Memory pressure relief: Total: res = 3203072/3207168/4096, res+swap = 3481600/3481600/0
Memory pressure relief: Total: res = 3207168/3207168/0, res+swap = 3481600/3481600/0
Memory pressure relief: Total: res = 3207168/3207168/0, res+swap = 3481600/3481600/0
Memory pressure relief: Total: res = 3207168/3215360/8192, res+swap = 3485696/3489792/4096
Memory pressure relief: Total: res = 3215360/3215360/0, res+swap = 3489792/3489792/0
Memory pressure relief: Total: res = 3215360/3215360/0, res+swap = 3489792/3489792/0
Memory pressure relief: Total: res = 3215360/3219456/4096, res+swap = 3493888/3493888/0
Memory pressure relief: Total: res = 3219456/3219456/0, res+swap = 3493888/3493888/0
Memory pressure relief: Total: res = 3219456/3219456/0, res+swap = 3493888/3493888/0
Memory pressure relief: Total: res = 3219456/3223552/4096, res+swap = 3497984/3497984/0
Memory pressure relief: Total: res = 3223552/3223552/0, res+swap = 3497984/3497984/0
Memory pressure relief: Total: res = 3223552/3223552/0, res+swap = 3497984/3497984/0
Memory pressure relief: Total: res = 3223552/3227648/4096, res+swap = 3502080/3502080/0
Memory pressure relief: Total: res = 3227648/3231744/4096, res+swap = 3502080/3506176/4096
Memory pressure relief: Total: res = 3231744/3235840/4096, res+swap = 3506176/3510272/4096
Memory pressure relief: Total: res = 3235840/3244032/8192, res+swap = 3518464/3518464/0
Memory pressure relief: Total: res = 3244032/3244032/0, res+swap = 3518464/3518464/0
Memory pressure relief: Total: res = 3244032/3244032/0, res+swap = 3518464/3518464/0
Memory pressure relief: Total: res = 3244032/3248128/4096, res+swap = 3522560/3522560/0
Memory pressure relief: Total: res = 3248128/3248128/0, res+swap = 3522560/3522560/0
Memory pressure relief: Total: res = 3248128/3248128/0, res+swap = 3522560/3522560/0
Memory pressure relief: Total: res = 3248128/3252224/4096, res+swap = 3526656/3526656/0
Memory pressure relief: Total: res = 3252224/3252224/0, res+swap = 3526656/3526656/0
Memory pressure relief: Total: res = 3252224/3252224/0, res+swap = 3526656/3526656/0
Memory pressure relief: Total: res = 3252224/3260416/8192, res+swap = 3534848/3534848/0
Memory pressure relief: Total: res = 3260416/3260416/0, res+swap = 3534848/3534848/0
Memory pressure relief: Total: res = 3260416/3260416/0, res+swap = 3534848/3534848/0
Memory pressure relief: Total: res = 3260416/3264512/4096, res+swap = 3538944/3538944/0
Memory pressure relief: Total: res = 3264512/3264512/0, res+swap = 3538944/3538944/0
Memory pressure relief: Total: res = 3264512/3264512/0, res+swap = 3538944/3538944/0
Memory pressure relief: Total: res = 3264512/3268608/4096, res+swap = 3543040/3547136/4096
Memory pressure relief: Total: res = 3268608/3276800/8192, res+swap = 3551232/3551232/0
Memory pressure relief: Total: res = 3276800/3276800/0, res+swap = 3551232/3551232/0
Memory pressure relief: Total: res = 3276800/3280896/4096, res+swap = 3555328/3555328/0
Memory pressure relief: Total: res = 3284992/3284992/0, res+swap = 3559424/3559424/0
Memory pressure relief: Total: res = 3284992/3284992/0, res+swap = 3559424/3559424/0
Memory pressure relief: Total: res = 3284992/3289088/4096, res+swap = 3563520/3563520/0
Memory pressure relief: Total: res = 3153920/3158016/4096, res+swap = 3436544/3440640/4096
Memory pressure relief: Total: res = 3158016/3158016/0, res+swap = 3440640/3440640/0
Memory pressure relief: Total: res = 3158016/3162112/4096, res+swap = 3444736/3444736/0
Memory pressure relief: Total: res = 3162112/3162112/0, res+swap = 3444736/3444736/0
Memory pressure relief: Total: res = 3162112/3162112/0, res+swap = 3444736/3444736/0
Memory pressure relief: Total: res = 3162112/3166208/4096, res+swap = 3448832/3448832/0
Memory pressure relief: Total: res = 3166208/3166208/0, res+swap = 3448832/3448832/0
Memory pressure relief: Total: res = 3170304/3170304/0, res+swap = 3452928/3452928/0
Memory pressure relief: Total: res = 3170304/3174400/4096, res+swap = 3457024/3457024/0
Memory pressure relief: Total: res = 3174400/3174400/0, res+swap = 3457024/3457024/0
Memory pressure relief: Total: res = 3174400/3174400/0, res+swap = 3457024/3457024/0
Memory pressure relief: Total: res = 3174400/3178496/4096, res+swap = 3461120/3461120/0
Memory pressure relief: Total: res = 3178496/3178496/0, res+swap = 3461120/3461120/0
Memory pressure relief: Total: res = 3178496/3178496/0, res+swap = 3461120/3461120/0
Memory pressure relief: Total: res = 3178496/3182592/4096, res+swap = 3465216/3465216/0
Memory pressure relief: Total: res = 3182592/3182592/0, res+swap = 3465216/3465216/0
Memory pressure relief: Total: res = 3182592/3186688/4096, res+swap = 3469312/3473408/4096
Memory pressure relief: Total: res = 3194880/3198976/4096, res+swap = 3481600/3481600/0
Memory pressure relief: Total: res = 3198976/3198976/0, res+swap = 3481600/3481600/0
Memory pressure relief: Total: res = 3198976/3198976/0, res+swap = 3481600/3481600/0
Memory pressure relief: Total: res = 3198976/3203072/4096, res+swap = 3485696/3485696/0
Memory pressure relief: Total: res = 3203072/3203072/0, res+swap = 3485696/3485696/0
Memory pressure relief: Total: res = 3203072/3203072/0, res+swap = 3485696/3485696/0
Memory pressure relief: Total: res = 3203072/3207168/4096, res+swap = 3489792/3489792/0
Memory pressure relief: Total: res = 3207168/3207168/0, res+swap = 3489792/3489792/0
Memory pressure relief: Total: res = 3207168/3207168/0, res+swap = 3489792/3489792/0
Memory pressure relief: Total: res = 3207168/3211264/4096, res+swap = 3493888/3493888/0
Memory pressure relief: Total: res = 3215360/3215360/0, res+swap = 3497984/3497984/0
Memory pressure relief: Total: res = 3215360/3215360/0, res+swap = 3497984/3497984/0
Memory pressure relief: Total: res = 3215360/3219456/4096, res+swap = 3502080/3502080/0
Memory pressure relief: Total: res = 3219456/3219456/0, res+swap = 3502080/3502080/0
Memory pressure relief: Total: res = 3219456/3219456/0, res+swap = 3502080/3502080/0
Memory pressure relief: Total: res = 3219456/3227648/8192, res+swap = 3510272/3514368/4096
Memory pressure relief: Total: res = 3227648/3231744/4096, res+swap = 3514368/3514368/0
Memory pressure relief: Total: res = 3231744/3231744/0, res+swap = 3514368/3514368/0
Memory pressure relief: Total: res = 3231744/3235840/4096, res+swap = 3518464/3518464/0
Memory pressure relief: Total: res = 3235840/3235840/0, res+swap = 3518464/3518464/0
Memory pressure relief: Total: res = 3239936/3239936/0, res+swap = 3522560/3522560/0
Memory pressure relief: Total: res = 3239936/3244032/4096, res+swap = 3526656/3526656/0
Memory pressure relief: Total: res = 3244032/3244032/0, res+swap = 3526656/3526656/0
Memory pressure relief: Total: res = 3244032/3244032/0, res+swap = 3526656/3526656/0
Memory pressure relief: Total: res = 3244032/3248128/4096, res+swap = 3530752/3530752/0
Memory pressure relief: Total: res = 3248128/3248128/0, res+swap = 3530752/3530752/0
Memory pressure relief: Total: res = 3248128/3248128/0, res+swap = 3530752/3530752/0
Memory pressure relief: Total: res = 3248128/3252224/4096, res+swap = 3534848/3534848/0
Memory pressure relief: Total: res = 3252224/3252224/0, res+swap = 3534848/3534848/0
Memory pressure relief: Total: res = 3252224/3252224/0, res+swap = 3534848/3534848/0
Memory pressure relief: Total: res = 3256320/3260416/4096, res+swap = 3543040/3543040/0
Memory pressure relief: Total: res = 3260416/3268608/8192, res+swap = 3547136/3551232/4096
Memory pressure relief: Total: res = 3268608/3268608/0, res+swap = 3551232/3551232/0
Memory pressure relief: Total: res = 3268608/3272704/4096, res+swap = 3555328/3555328/0
Memory pressure relief: Total: res = 3272704/3272704/0, res+swap = 3555328/3555328/0
Memory pressure relief: Total: res = 3272704/3272704/0, res+swap = 3555328/3555328/0
Memory pressure relief: Total: res = 3272704/3276800/4096, res+swap = 3559424/3559424/0
Memory pressure relief: Total: res = 3276800/3276800/0, res+swap = 3559424/3559424/0
Memory pressure relief: Total: res = 3276800/3276800/0, res+swap = 3559424/3559424/0
Memory pressure relief: Total: res = 3276800/3280896/4096, res+swap = 3563520/3563520/0
Memory pressure relief: Total: res = 3284992/3284992/0, res+swap = 3567616/3567616/0
Memory pressure relief: Total: res = 3284992/3284992/0, res+swap = 3567616/3567616/0
Memory pressure relief: Total: res = 3284992/3289088/4096, res+swap = 3571712/3571712/0
Memory pressure relief: Total: res = 3289088/3289088/0, res+swap = 3571712/3571712/0
Memory pressure relief: Total: res = 3289088/3289088/0, res+swap = 3571712/3571712/0
Memory pressure relief: Total: res = 3289088/3293184/4096, res+swap = 3575808/3575808/0
Memory pressure relief: Total: res = 3293184/3293184/0, res+swap = 3575808/3575808/0
Memory pressure relief: Total: res = 3293184/3297280/4096, res+swap = 3579904/3584000/4096
Memory pressure relief: Total: res = 3297280/3305472/8192, res+swap = 3588096/3588096/0
Memory pressure relief: Total: res = 3305472/3305472/0, res+swap = 3588096/3588096/0
Memory pressure relief: Total: res = 3309568/3309568/0, res+swap = 3592192/3592192/0
Memory pressure relief: Total: res = 3309568/3313664/4096, res+swap = 3596288/3596288/0
Memory pressure relief: Total: res = 3313664/3313664/0, res+swap = 3596288/3596288/0
Memory pressure relief: Total: res = 3313664/3313664/0, res+swap = 3596288/3596288/0
Memory pressure relief: Total: res = 3313664/3317760/4096, res+swap = 3600384/3600384/0
Memory pressure relief: Total: res = 3317760/3317760/0, res+swap = 3600384/3600384/0
Memory pressure relief: Total: res = 3317760/3317760/0, res+swap = 3600384/3600384/0
Memory pressure relief: Total: res = 3317760/3321856/4096, res+swap = 3604480/3604480/0
Memory pressure relief: Total: res = 3321856/3321856/0, res+swap = 3604480/3604480/0
Memory pressure relief: Total: res = 3321856/3321856/0, res+swap = 3604480/3604480/0
Memory pressure relief: Total: res = 3325952/3330048/4096, res+swap = 3612672/3612672/0
Memory pressure relief: Total: res = 3330048/3330048/0, res+swap = 3612672/3612672/0
Memory pressure relief: Total: res = 3330048/3330048/0, res+swap = 3612672/3612672/0
Memory pressure relief: Total: res = 3330048/3342336/12288, res+swap = 3620864/3624960/4096
Memory pressure relief: Total: res = 3342336/3342336/0, res+swap = 3624960/3624960/0
Memory pressure relief: Total: res = 3342336/3342336/0, res+swap = 3624960/3624960/0
Memory pressure relief: Total: res = 3342336/3346432/4096, res+swap = 3629056/3629056/0
Memory pressure relief: Total: res = 3346432/3182592/-163840, res+swap = 3629056/3469312/-159744
Memory pressure relief: Total: res = 3182592/3194880/12288, res+swap = 3477504/3477504/0
Memory pressure relief: Total: res = 3194880/3194880/0, res+swap = 3477504/3477504/0
Memory pressure relief: Total: res = 3198976/3198976/0, res+swap = 3481600/3481600/0
Memory pressure relief: Total: res = 3198976/3203072/4096, res+swap = 3485696/3485696/0
Memory pressure relief: Total: res = 3203072/3203072/0, res+swap = 3485696/3485696/0
Memory pressure relief: Total: res = 3203072/3203072/0, res+swap = 3485696/3485696/0
Memory pressure relief: Total: res = 3203072/3207168/4096, res+swap = 3489792/3489792/0
Memory pressure relief: Total: res = 3207168/3207168/0, res+swap = 3489792/3489792/0
Memory pressure relief: Total: res = 3207168/3207168/0, res+swap = 3489792/3489792/0
Memory pressure relief: Total: res = 3207168/3211264/4096, res+swap = 3493888/3493888/0
Memory pressure relief: Total: res = 3211264/3215360/4096, res+swap = 3497984/3497984/0
Memory pressure relief: Total: res = 3215360/3215360/0, res+swap = 3497984/3497984/0
Memory pressure relief: Total: res = 3215360/3219456/4096, res+swap = 3502080/3502080/0
Memory pressure relief: Total: res = 3219456/3219456/0, res+swap = 3502080/3502080/0
Memory pressure relief: Total: res = 3219456/3219456/0, res+swap = 3502080/3502080/0
Memory pressure relief: Total: res = 3219456/3223552/4096, res+swap = 3506176/3510272/4096
Memory pressure relief: Total: res = 3223552/3231744/8192, res+swap = 3514368/3514368/0
Memory pressure relief: Total: res = 3231744/3231744/0, res+swap = 3514368/3514368/0
Memory pressure relief: Total: res = 3231744/3235840/4096, res+swap = 3518464/3518464/0
Memory pressure relief: Total: res = 3235840/3235840/0, res+swap = 3518464/3518464/0
Memory pressure relief: Total: res = 3235840/3235840/0, res+swap = 3518464/3518464/0
Memory pressure relief: Total: res = 3235840/3239936/4096, res+swap = 3522560/3522560/0
Memory pressure relief: Total: res = 3244032/3244032/0, res+swap = 3526656/3526656/0
Memory pressure relief: Total: res = 3244032/3244032/0, res+swap = 3526656/3526656/0
Memory pressure relief: Total: res = 3244032/3248128/4096, res+swap = 3530752/3530752/0
Memory pressure relief: Total: res = 3248128/3248128/0, res+swap = 3530752/3530752/0
Memory pressure relief: Total: res = 3248128/3248128/0, res+swap = 3530752/3530752/0
Memory pressure relief: Total: res = 3248128/3252224/4096, res+swap = 3534848/3534848/0
Memory pressure relief: Total: res = 3252224/3252224/0, res+swap = 3534848/3534848/0
Memory pressure relief: Total: res = 3252224/3252224/0, res+swap = 3534848/3534848/0
Memory pressure relief: Total: res = 3252224/3256320/4096, res+swap = 3538944/3538944/0
Memory pressure relief: Total: res = 3256320/3256320/0, res+swap = 3538944/3543040/4096
Memory pressure relief: Total: res = 3268608/3268608/0, res+swap = 3551232/3551232/0
Memory pressure relief: Total: res = 3268608/3272704/4096, res+swap = 3555328/3555328/0
Memory pressure relief: Total: res = 3272704/3272704/0, res+swap = 3555328/3555328/0
Memory pressure relief: Total: res = 3272704/3272704/0, res+swap = 3555328/3555328/0
Memory pressure relief: Total: res = 3272704/3276800/4096, res+swap = 3559424/3559424/0
Memory pressure relief: Total: res = 3276800/3276800/0, res+swap = 3559424/3559424/0
Memory pressure relief: Total: res = 3276800/3276800/0, res+swap = 3559424/3559424/0
Memory pressure relief: Total: res = 3276800/3280896/4096, res+swap = 3563520/3563520/0
Memory pressure relief: Total: res = 3280896/3280896/0, res+swap = 3563520/3563520/0
Memory pressure relief: Total: res = 3280896/3280896/0, res+swap = 3563520/3563520/0
Memory pressure relief: Total: res = 3289088/3289088/0, res+swap = 3571712/3571712/0
Memory pressure relief: Total: res = 3289088/3289088/0, res+swap = 3571712/3571712/0
Memory pressure relief: Total: res = 3289088/3289088/0, res+swap = 3571712/3571712/0
Memory pressure relief: Total: res = 3289088/3293184/4096, res+swap = 3575808/3575808/0
Memory pressure relief: Total: res = 3293184/3293184/0, res+swap = 3575808/3575808/0
Memory pressure relief: Total: res = 3293184/3293184/0, res+swap = 3575808/3579904/4096
Memory pressure relief: Total: res = 3293184/3305472/12288, res+swap = 3588096/3588096/0
Memory pressure relief: Total: res = 3305472/3305472/0, res+swap = 3588096/3588096/0
Memory pressure relief: Total: res = 3305472/3305472/0, res+swap = 3588096/3588096/0
Memory pressure relief: Total: res = 3305472/3309568/4096, res+swap = 3592192/3592192/0
Memory pressure relief: Total: res = 3313664/3313664/0, res+swap = 3596288/3596288/0
Memory pressure relief: Total: res = 3313664/3313664/0, res+swap = 3596288/3596288/0
Memory pressure relief: Total: res = 3313664/3317760/4096, res+swap = 3600384/3600384/0
Memory pressure relief: Total: res = 3317760/3317760/0, res+swap = 3600384/3600384/0
Memory pressure relief: Total: res = 3317760/3317760/0, res+swap = 3600384/3600384/0
Memory pressure relief: Total: res = 3317760/3321856/4096, res+swap = 3604480/3604480/0
Memory pressure relief: Total: res = 3321856/3321856/0, res+swap = 3604480/3604480/0
Memory pressure relief: Total: res = 3321856/3321856/0, res+swap = 3604480/3604480/0
Memory pressure relief: Total: res = 3321856/3325952/4096, res+swap = 3608576/3608576/0
Memory pressure relief: Total: res = 3325952/3325952/0, res+swap = 3608576/3608576/0
Memory pressure relief: Total: res = 3330048/3330048/0, res+swap = 3612672/3612672/0
Memory pressure relief: Total: res = 3330048/3338240/8192, res+swap = 3616768/3620864/4096
Memory pressure relief: Total: res = 3338240/3342336/4096, res+swap = 3624960/3624960/0
Memory pressure relief: Total: res = 3342336/3342336/0, res+swap = 3624960/3624960/0
Memory pressure relief: Total: res = 3342336/3346432/4096, res+swap = 3629056/3629056/0
Memory pressure relief: Total: res = 3346432/3346432/0, res+swap = 3629056/3629056/0
Memory pressure relief: Total: res = 3346432/3346432/0, res+swap = 3629056/3629056/0
Memory pressure relief: Total: res = 3346432/3350528/4096, res+swap = 3633152/3633152/0
Memory pressure relief: Total: res = 3350528/3350528/0, res+swap = 3633152/3633152/0
Memory pressure relief: Total: res = 3350528/3350528/0, res+swap = 3633152/3633152/0
Memory pressure relief: Total: res = 3358720/3358720/0, res+swap = 3641344/3641344/0
Memory pressure relief: Total: res = 3358720/3358720/0, res+swap = 3641344/3641344/0
Memory pressure relief: Total: res = 3358720/3358720/0, res+swap = 3641344/3641344/0
Memory pressure relief: Total: res = 3272704/3276800/4096, res+swap = 3563520/3563520/0
Memory pressure relief: Total: res = 3276800/3276800/0, res+swap = 3563520/3563520/0
Memory pressure relief: Total: res = 3276800/3276800/0, res+swap = 3563520/3563520/0
Memory pressure relief: Total: res = 3276800/3280896/4096, res+swap = 3567616/3567616/0
Memory pressure relief: Total: res = 3280896/3280896/0, res+swap = 3567616/3571712/4096
Memory pressure relief: Total: res = 3280896/3289088/8192, res+swap = 3575808/3575808/0
Memory pressure relief: Total: res = 3289088/3293184/4096, res+swap = 3579904/3579904/0
Memory pressure relief: Total: res = 3297280/3297280/0, res+swap = 3584000/3584000/0
Memory pressure relief: Total: res = 3297280/3297280/0, res+swap = 3584000/3584000/0
Memory pressure relief: Total: res = 3297280/3301376/4096, res+swap = 3588096/3588096/0
Memory pressure relief: Total: res = 3301376/3141632/-159744, res+swap = 3588096/3428352/-159744
Memory pressure relief: Total: res = 3141632/3149824/8192, res+swap = 3436544/3436544/0
Memory pressure relief: Total: res = 3149824/3149824/0, res+swap = 3436544/3436544/0
Memory pressure relief: Total: res = 3149824/3149824/0, res+swap = 3436544/3436544/0
Memory pressure relief: Total: res = 3149824/3153920/4096, res+swap = 3440640/3440640/0
Memory pressure relief: Total: res = 3153920/3153920/0, res+swap = 3440640/3440640/0
Memory pressure relief: Total: res = 3153920/3153920/0, res+swap = 3440640/3440640/0
Memory pressure relief: Total: res = 3162112/3162112/0, res+swap = 3448832/3448832/0
Memory pressure relief: Total: res = 3162112/3162112/0, res+swap = 3448832/3448832/0
Memory pressure relief: Total: res = 3162112/3162112/0, res+swap = 3448832/3448832/0
Memory pressure relief: Total: res = 3162112/3166208/4096, res+swap = 3452928/3452928/0
Memory pressure relief: Total: res = 3174400/3182592/8192, res+swap = 3514368/3510272/-4096
Memory pressure relief: Total: res = 3182592/3182592/0, res+swap = 3510272/3510272/0
Memory pressure relief: Total: res = 3182592/3186688/4096, res+swap = 3514368/3514368/0
Memory pressure relief: Total: res = 3186688/3186688/0, res+swap = 3514368/3514368/0
Memory pressure relief: Total: res = 3186688/3186688/0, res+swap = 3514368/3514368/0
Memory pressure relief: Total: res = 3186688/3190784/4096, res+swap = 3518464/3522560/4096
Memory pressure relief: Total: res = 3190784/3198976/8192, res+swap = 3526656/3526656/0
Memory pressure relief: Total: res = 3198976/3198976/0, res+swap = 3526656/3526656/0
Memory pressure relief: Total: res = 3198976/3203072/4096, res+swap = 3530752/3530752/0
Memory pressure relief: Total: res = 3203072/3203072/0, res+swap = 3530752/3530752/0
Memory pressure relief: Total: res = 3203072/3203072/0, res+swap = 3530752/3530752/0
Memory pressure relief: Total: res = 3203072/3207168/4096, res+swap = 3534848/3534848/0
Memory pressure relief: Total: res = 3207168/3207168/0, res+swap = 3534848/3534848/0
Memory pressure relief: Total: res = 3207168/3211264/4096, res+swap = 3534848/3538944/4096
Memory pressure relief: Total: res = 3211264/3215360/4096, res+swap = 3543040/3543040/0
Memory pressure relief: Total: res = 3215360/3215360/0, res+swap = 3543040/3543040/0
Memory pressure relief: Total: res = 3215360/3215360/0, res+swap = 3543040/3543040/0
Memory pressure relief: Total: res = 3215360/3219456/4096, res+swap = 3547136/3547136/0
Memory pressure relief: Total: res = 3219456/3219456/0, res+swap = 3547136/3547136/0
Memory pressure relief: Total: res = 3219456/3219456/0, res+swap = 3547136/3547136/0
Memory pressure relief: Total: res = 3219456/3223552/4096, res+swap = 3551232/3551232/0
Memory pressure relief: Total: res = 3223552/3223552/0, res+swap = 3551232/3555328/4096
Memory pressure relief: Total: res = 3223552/3231744/8192, res+swap = 3559424/3559424/0
Memory pressure relief: Total: res = 3231744/3239936/8192, res+swap = 3563520/3567616/4096
Memory pressure relief: Total: res = 3239936/3239936/0, res+swap = 3567616/3567616/0
Memory pressure relief: Total: res = 3239936/3239936/0, res+swap = 3567616/3567616/0
Memory pressure relief: Total: res = 3239936/3244032/4096, res+swap = 3571712/3571712/0
Memory pressure relief: Total: res = 3244032/3244032/0, res+swap = 3571712/3571712/0
Memory pressure relief: Total: res = 3244032/3244032/0, res+swap = 3571712/3571712/0
Memory pressure relief: Total: res = 3244032/3248128/4096, res+swap = 3575808/3575808/0
Memory pressure relief: Total: res = 3235840/3235840/0, res+swap = 3563520/3563520/0
Memory pressure relief: Total: res = 3235840/3235840/0, res+swap = 3563520/3563520/0
Memory pressure relief: Total: res = 3235840/3239936/4096, res+swap = 3567616/3567616/0
Memory pressure relief: Total: res = 3239936/3244032/4096, res+swap = 3567616/3571712/4096
Memory pressure relief: Total: res = 3244032/3244032/0, res+swap = 3571712/3571712/0
Memory pressure relief: Total: res = 3244032/3248128/4096, res+swap = 3575808/3575808/0
Memory pressure relief: Total: res = 3248128/3248128/0, res+swap = 3575808/3575808/0
Memory pressure relief: Total: res = 3248128/3252224/4096, res+swap = 3575808/3579904/4096
Memory pressure relief: Total: res = 3252224/3260416/8192, res+swap = 3588096/3588096/0
Memory pressure relief: Total: res = 3231744/3231744/0, res+swap = 3559424/3559424/0
Memory pressure relief: Total: res = 3231744/3231744/0, res+swap = 3559424/3559424/0
Memory pressure relief: Total: res = 3231744/3235840/4096, res+swap = 3563520/3563520/0
Memory pressure relief: Total: res = 3235840/3235840/0, res+swap = 3563520/3563520/0
Memory pressure relief: Total: res = 3235840/3239936/4096, res+swap = 3563520/3567616/4096
Memory pressure relief: Total: res = 3239936/3244032/4096, res+swap = 3571712/3571712/0
Memory pressure relief: Total: res = 3244032/3244032/0, res+swap = 3571712/3571712/0
Memory pressure relief: Total: res = 3244032/3244032/0, res+swap = 3571712/3571712/0
Memory pressure relief: Total: res = 3244032/3248128/4096, res+swap = 3575808/3575808/0
Memory pressure relief: Total: res = 3248128/3248128/0, res+swap = 3575808/3575808/0
Memory pressure relief: Total: res = 3248128/3248128/0, res+swap = 3575808/3575808/0
Memory pressure relief: Total: res = 3248128/3252224/4096, res+swap = 3579904/3579904/0
Memory pressure relief: Total: res = 3252224/3252224/0, res+swap = 3579904/3579904/0
Memory pressure relief: Total: res = 3252224/3252224/0, res+swap = 3579904/3579904/0
Memory pressure relief: Total: res = 3252224/3260416/8192, res+swap = 3584000/3588096/4096
Memory pressure relief: Total: res = 3260416/3268608/8192, res+swap = 3596288/3596288/0
Memory pressure relief: Total: res = 3268608/3268608/0, res+swap = 3596288/3596288/0
Memory pressure relief: Total: res = 3268608/3272704/4096, res+swap = 3600384/3600384/0
Memory pressure relief: Total: res = 3272704/3272704/0, res+swap = 3600384/3600384/0
Memory pressure relief: Total: res = 3272704/3272704/0, res+swap = 3600384/3600384/0
Memory pressure relief: Total: res = 3272704/3276800/4096, res+swap = 3604480/3604480/0
Memory pressure relief: Total: res = 3276800/3276800/0, res+swap = 3604480/3604480/0
Memory pressure relief: Total: res = 3276800/3276800/0, res+swap = 3604480/3604480/0
Memory pressure relief: Total: res = 3276800/3280896/4096, res+swap = 3608576/3608576/0
Memory pressure relief: Total: res = 3280896/3280896/0, res+swap = 3608576/3608576/0
Memory pressure relief: Total: res = 3284992/3284992/0, res+swap = 3612672/3612672/0
Memory pressure relief: Total: res = 3284992/3289088/4096, res+swap = 3616768/3616768/0
Memory pressure relief: Total: res = 3289088/3289088/0, res+swap = 3616768/3616768/0
Memory pressure relief: Total: res = 3289088/3289088/0, res+swap = 3616768/3616768/0
Memory pressure relief: Total: res = 3289088/3293184/4096, res+swap = 3620864/3620864/0
Memory pressure relief: Total: res = 3293184/3293184/0, res+swap = 3620864/3624960/4096
Memory pressure relief: Total: res = 3293184/3301376/8192, res+swap = 3629056/3629056/0
Memory pressure relief: Total: res = 3301376/3305472/4096, res+swap = 3633152/3633152/0
Memory pressure relief: Total: res = 3309568/3309568/0, res+swap = 3637248/3637248/0
Memory pressure relief: Total: res = 3309568/3309568/0, res+swap = 3637248/3637248/0
Memory pressure relief: Total: res = 3309568/3145728/-163840, res+swap = 3641344/3473408/-167936
Memory pressure relief: Total: res = 3145728/3153920/8192, res+swap = 3481600/3481600/0
Memory pressure relief: Total: res = 3153920/3153920/0, res+swap = 3481600/3481600/0
Memory pressure relief: Total: res = 3153920/3153920/0, res+swap = 3481600/3481600/0
Memory pressure relief: Total: res = 3153920/3158016/4096, res+swap = 3485696/3485696/0
Memory pressure relief: Total: res = 3158016/3158016/0, res+swap = 3485696/3485696/0
Memory pressure relief: Total: res = 3158016/3158016/0, res+swap = 3485696/3485696/0
Memory pressure relief: Total: res = 3158016/3162112/4096, res+swap = 3489792/3489792/0
Memory pressure relief: Total: res = 3166208/3166208/0, res+swap = 3493888/3493888/0
Memory pressure relief: Total: res = 3166208/3166208/0, res+swap = 3493888/3493888/0
Memory pressure relief: Total: res = 3166208/3170304/4096, res+swap = 3497984/3497984/0
Memory pressure relief: Total: res = 3170304/3170304/0, res+swap = 3497984/3497984/0
Memory pressure relief: Total: res = 3170304/3170304/0, res+swap = 3497984/3497984/0
Memory pressure relief: Total: res = 3170304/3174400/4096, res+swap = 3502080/3502080/0
Memory pressure relief: Total: res = 3174400/3174400/0, res+swap = 3502080/3502080/0
Memory pressure relief: Total: res = 3174400/3174400/0, res+swap = 3502080/3502080/0
Memory pressure relief: Total: res = 3174400/3178496/4096, res+swap = 3506176/3510272/4096
Memory pressure relief: Total: res = 3178496/3186688/8192, res+swap = 3514368/3514368/0
Memory pressure relief: Total: res = 3190784/3190784/0, res+swap = 3518464/3518464/0
Memory pressure relief: Total: res = 3190784/3194880/4096, res+swap = 3522560/3522560/0
Memory pressure relief: Total: res = 3194880/3194880/0, res+swap = 3522560/3522560/0
Memory pressure relief: Total: res = 3194880/3194880/0, res+swap = 3522560/3522560/0
Memory pressure relief: Total: res = 3194880/3198976/4096, res+swap = 3526656/3526656/0
Memory pressure relief: Total: res = 3198976/3198976/0, res+swap = 3526656/3526656/0
Memory pressure relief: Total: res = 3198976/3198976/0, res+swap = 3526656/3526656/0
Memory pressure relief: Total: res = 3198976/3203072/4096, res+swap = 3530752/3530752/0
Memory pressure relief: Total: res = 3203072/3203072/0, res+swap = 3530752/3530752/0
Memory pressure relief: Total: res = 3203072/3203072/0, res+swap = 3530752/3530752/0
Memory pressure relief: Total: res = 3211264/3211264/0, res+swap = 3538944/3538944/0
Memory pressure relief: Total: res = 3211264/3211264/0, res+swap = 3538944/3538944/0
Memory pressure relief: Total: res = 3211264/3211264/0, res+swap = 3538944/3538944/0
Memory pressure relief: Total: res = 3211264/3215360/4096, res+swap = 3543040/3543040/0
Memory pressure relief: Total: res = 3215360/3215360/0, res+swap = 3543040/3547136/4096
Memory pressure relief: Total: res = 3215360/3223552/8192, res+swap = 3551232/3551232/0
Memory pressure relief: Total: res = 3223552/3227648/4096, res+swap = 3555328/3555328/0
Memory pressure relief: Total: res = 3227648/3227648/0, res+swap = 3555328/3555328/0
Memory pressure relief: Total: res = 3227648/3227648/0, res+swap = 3555328/3555328/0
Memory pressure relief: Total: res = 3227648/3231744/4096, res+swap = 3559424/3559424/0
Memory pressure relief: Total: res = 3235840/3235840/0, res+swap = 3563520/3563520/0
Memory pressure relief: Total: res = 3235840/3235840/0, res+swap = 3563520/3563520/0
Memory pressure relief: Total: res = 3235840/3239936/4096, res+swap = 3567616/3567616/0
Memory pressure relief: Total: res = 3239936/3235840/-4096, res+swap = 3567616/3567616/0
Memory pressure relief: Total: res = 3235840/3239936/4096, res+swap = 3567616/3567616/0
Memory pressure relief: Total: res = 3239936/3244032/4096, res+swap = 3571712/3571712/0
Memory pressure relief: Total: res = 3244032/3244032/0, res+swap = 3571712/3571712/0
Memory pressure relief: Total: res = 3244032/3244032/0, res+swap = 3571712/3571712/0
Memory pressure relief: Total: res = 3244032/3248128/4096, res+swap = 3575808/3575808/0
Memory pressure relief: Total: res = 3248128/3248128/0, res+swap = 3575808/3575808/0
Memory pressure relief: Total: res = 3252224/3256320/4096, res+swap = 3579904/3584000/4096
Memory pressure relief: Total: res = 3256320/3264512/8192, res+swap = 3592192/3592192/0
Memory pressure relief: Total: res = 3256320/3256320/0, res+swap = 3584000/3584000/0
Memory pressure relief: Total: res = 3330048/3399680/69632, res+swap = 3747840/3735552/-12288
Memory pressure relief: Total: res = 3289088/3297280/8192, res+swap = 3645440/3645440/0
Memory pressure relief: Total: res = 6094848/5955584/-139264, res+swap = 5926912/5779456/-147456
Memory pressure relief: Total: res = 5943296/5943296/0, res+swap = 5767168/5767168/0
Memory pressure relief: Total: res = 5943296/5955584/12288, res+swap = 5783552/5783552/0
Memory pressure relief: Total: res = 6311936/6209536/-102400, res+swap = 6176768/6041600/-135168
Memory pressure relief: Total: res = 6160384/6160384/0, res+swap = 5992448/5996544/4096
Memory pressure relief: Total: res = 6815744/6733824/-81920, res+swap = 6664192/6549504/-114688
Memory pressure relief: Total: res = 7020544/6938624/-81920, res+swap = 6848512/6754304/-94208
Memory pressure relief: Total: res = 6930432/6930432/0, res+swap = 6746112/6746112/0
Memory pressure relief: Total: res = 6930432/6934528/4096, res+swap = 6750208/6750208/0
Memory pressure relief: Total: res = 6934528/6934528/0, res+swap = 6750208/6754304/4096
Memory pressure relief: Total: res = 6905856/6909952/4096, res+swap = 6725632/6725632/0
Memory pressure relief: Total: res = 6909952/6914048/4096, res+swap = 6729728/6729728/0
Memory pressure relief: Total: res = 6914048/6914048/0, res+swap = 6729728/6729728/0
Memory pressure relief: Total: res = 6914048/6914048/0, res+swap = 6729728/6729728/0
Memory pressure relief: Total: res = 6914048/6918144/4096, res+swap = 6733824/6733824/0
Memory pressure relief: Total: res = 6918144/6918144/0, res+swap = 6733824/6733824/0
Memory pressure relief: Total: res = 6905856/6905856/0, res+swap = 6721536/6721536/0
Memory pressure relief: Total: res = 6881280/6881280/0, res+swap = 6696960/6705152/8192
Memory pressure relief: Total: res = 6881280/6889472/8192, res+swap = 6705152/6705152/0
Memory pressure relief: Total: res = 6873088/6873088/0, res+swap = 6688768/6688768/0
Memory pressure relief: Total: res = 6873088/6877184/4096, res+swap = 6692864/6692864/0
Memory pressure relief: Total: res = 6868992/6868992/0, res+swap = 6684672/6684672/0
Memory pressure relief: Total: res = 7041024/6979584/-61440, res+swap = 6959104/6873088/-86016
Memory pressure relief: Total: res = 6967296/6967296/0, res+swap = 6860800/6860800/0
Memory pressure relief: Total: res = 6889472/6889472/0, res+swap = 6782976/6782976/0
Memory pressure relief: Total: res = 6860800/6860800/0, res+swap = 6754304/6762496/8192
Memory pressure relief: Total: res = 6856704/6864896/8192, res+swap = 6758400/6758400/0
Memory pressure relief: Total: res = 6864896/6868992/4096, res+swap = 6762496/6762496/0
Memory pressure relief: Total: res = 6868992/6868992/0, res+swap = 6762496/6762496/0
Memory pressure relief: Total: res = 8380416/8245248/-135168, res+swap = 4677632/4538368/-139264
Memory pressure relief: Total: res = 9416704/9330688/-86016, res+swap = 5742592/5632000/-110592
Error sending IPC message: Pipe quebrado
Error sending IPC message: Pipe quebrado
Error sending IPC message: Pipe quebrado
Error sending IPC message: Pipe quebrado
Memory pressure relief: Total: res = 9859072/9609216/-249856, res+swap = 6180864/5926912/-253952
Memory pressure relief: Total: res = 9588736/9580544/-8192, res+swap = 5906432/5898240/-8192
Memory pressure relief: Total: res = 9580544/9584640/4096, res+swap = 5902336/5902336/0
Memory pressure relief: Total: res = 9584640/9584640/0, res+swap = 5902336/5902336/0
Memory pressure relief: Total: res = 9842688/9662464/-180224, res+swap = 6164480/5984256/-180224
Memory pressure relief: Total: res = 9732096/9613312/-118784, res+swap = 6070272/5947392/-122880
Memory pressure relief: Total: res = 9601024/9605120/4096, res+swap = 5939200/5939200/0
Memory pressure relief: Total: res = 9601024/9601024/0, res+swap = 5935104/5935104/0
Memory pressure relief: Total: res = 9601024/9629696/28672, res+swap = 5939200/6234112/294912
Memory pressure relief: Total: res = 9637888/9637888/0, res+swap = 5971968/5971968/0
Memory pressure relief: Total: res = 9637888/9641984/4096, res+swap = 5976064/5976064/0
Memory pressure relief: Total: res = 9785344/9666560/-118784, res+swap = 6098944/5980160/-118784
Memory pressure relief: Total: res = 9785344/9670656/-114688, res+swap = 6103040/5984256/-118784
Memory pressure relief: Total: res = 9637888/9601024/-36864, res+swap = 5951488/5914624/-36864
Memory pressure relief: Total: res = 9781248/9658368/-122880, res+swap = 6107136/5980160/-126976
Memory pressure relief: Total: res = 9801728/9617408/-184320, res+swap = 6127616/6135808/8192
Memory pressure relief: Total: res = 9613312/9609216/-4096, res+swap = 5935104/5931008/-4096
Memory pressure relief: Total: res = 9781248/9662464/-118784, res+swap = 6103040/5980160/-122880
Memory pressure relief: Total: res = 9662464/9662464/0, res+swap = 5984256/5980160/-4096
Memory pressure relief: Total: res = 9646080/9650176/4096, res+swap = 5963776/5967872/4096
Memory pressure relief: Total: res = 9650176/9650176/0, res+swap = 5967872/5967872/0
Memory pressure relief: Total: res = 9650176/9654272/4096, res+swap = 5971968/5971968/0
Memory pressure relief: Total: res = 9654272/9654272/0, res+swap = 5971968/5971968/0
Memory pressure relief: Total: res = 9654272/9654272/0, res+swap = 5971968/5971968/0
Memory pressure relief: Total: res = 9977856/9785344/-192512, res+swap = 6299648/6103040/-196608
Memory pressure relief: Total: res = 10321920/10002432/-319488, res+swap = 6660096/6340608/-319488
Memory pressure relief: Total: res = 9977856/9981952/4096, res+swap = 6332416/6320128/-12288
Memory pressure relief: Total: res = 9981952/9986048/4096, res+swap = 6324224/6324224/0
Memory pressure relief: Total: res = 9973760/9973760/0, res+swap = 6311936/6316032/4096
